# JRE version: Java(TM) SE Runtime Environment (21.0.7+8) (build 21.0.7+8-LTS-245)
# Java VM: Java HotSpot(TM) 64-Bit Server VM (21.0.7+8-LTS-245, mixed mode, sharing, tiered, compressed oops, compressed class ptrs, g1 gc, windows-amd64)
GC Precious Log:
 CardTable entry size: 512
 Card Set container configuration: InlinePtr #cards 4 size 8 Array Of Cards #cards 16 size 48 Howl #buckets 8 coarsen threshold 3686 Howl Bitmap #cards 512 size 80 coarsen threshold 460 Card regions per heap region 1 cards per card region 4096
 CPUs: 8 total, 8 available
 Memory: 16217M
 Large Page Support: Disabled
 NUMA Support: Disabled
 Compressed Oops: Enabled (Zero based)
 Heap Region Size: 2M
 Heap Min Capacity: 8M
 Heap Initial Capacity: 254M
 Heap Max Capacity: 4056M
 Pre-touch: Disabled
 Parallel Workers: 8
 Concurrent Workers: 2
 Concurrent Refinement Workers: 8
 Periodic GC: Disabled
Heap:
 garbage-first heap   total 260096K, used 81053K [0x0000000702800000, 0x0000000800000000)
  region size 2048K, 8 young (16384K), 8 survivors (16384K)
 Metaspace       used 14176K, committed 14464K, reserved 1114112K
  class space    used 1581K, committed 1728K, reserved 1048576K
GC Heap History (13 events):
Event: 2.488 GC heap before
{Heap before GC invocations=0 (full 0):
 garbage-first heap   total 260096K, used 20480K [0x0000000702800000, 0x0000000800000000)
  region size 2048K, 11 young (22528K), 0 survivors (0K)
 Metaspace       used 5881K, committed 6080K, reserved 1114112K
  class space    used 736K, committed 832K, reserved 1048576K
}
Event: 2.502 GC heap after
{Heap after GC invocations=1 (full 0):
 garbage-first heap   total 260096K, used 8715K [0x0000000702800000, 0x0000000800000000)
  region size 2048K, 2 young (4096K), 2 survivors (4096K)
 Metaspace       used 5881K, committed 6080K, reserved 1114112K
  class space    used 736K, committed 832K, reserved 1048576K
}
Event: 3.643 GC heap before
{Heap before GC invocations=1 (full 0):
 garbage-first heap   total 260096K, used 31243K [0x0000000702800000, 0x0000000800000000)
  region size 2048K, 13 young (26624K), 2 survivors (4096K)
 Metaspace       used 10011K, committed 10176K, reserved 1114112K
  class space    used 1133K, committed 1216K, reserved 1048576K
}
Event: 3.651 GC heap after
{Heap after GC invocations=2 (full 0):
 garbage-first heap   total 260096K, used 12636K [0x0000000702800000, 0x0000000800000000)
  region size 2048K, 2 young (4096K), 2 survivors (4096K)
 Metaspace       used 10011K, committed 10176K, reserved 1114112K
  class space    used 1133K, committed 1216K, reserved 1048576K
}
Event: 4.355 GC heap before
{Heap before GC invocations=2 (full 0):
 garbage-first heap   total 260096K, used 59740K [0x0000000702800000, 0x0000000800000000)
  region size 2048K, 25 young (51200K), 2 survivors (4096K)
 Metaspace       used 10164K, committed 10304K, reserved 1114112K
  class space    used 1143K, committed 1216K, reserved 1048576K
}
Event: 4.374 GC heap after
{Heap after GC invocations=3 (full 0):
 garbage-first heap   total 260096K, used 25291K [0x0000000702800000, 0x0000000800000000)
  region size 2048K, 4 young (8192K), 4 survivors (8192K)
 Metaspace       used 10164K, committed 10304K, reserved 1114112K
  class space    used 1143K, committed 1216K, reserved 1048576K
}
Event: 4.535 GC heap before
{Heap before GC invocations=3 (full 0):
 garbage-first heap   total 260096K, used 49867K [0x0000000702800000, 0x0000000800000000)
  region size 2048K, 15 young (30720K), 4 survivors (8192K)
 Metaspace       used 10167K, committed 10304K, reserved 1114112K
  class space    used 1144K, committed 1216K, reserved 1048576K
}
Event: 4.554 GC heap after
{Heap after GC invocations=4 (full 0):
 garbage-first heap   total 260096K, used 33187K [0x0000000702800000, 0x0000000800000000)
  region size 2048K, 2 young (4096K), 2 survivors (4096K)
 Metaspace       used 10167K, committed 10304K, reserved 1114112K
  class space    used 1144K, committed 1216K, reserved 1048576K
}
Event: 5.176 GC heap before
{Heap before GC invocations=4 (full 0):
 garbage-first heap   total 260096K, used 72099K [0x0000000702800000, 0x0000000800000000)
  region size 2048K, 21 young (43008K), 2 survivors (4096K)
 Metaspace       used 10177K, committed 10304K, reserved 1114112K
  class space    used 1144K, committed 1216K, reserved 1048576K
}
Event: 5.195 GC heap after
{Heap after GC invocations=5 (full 0):
 garbage-first heap   total 260096K, used 43560K [0x0000000702800000, 0x0000000800000000)
  region size 2048K, 3 young (6144K), 3 survivors (6144K)
 Metaspace       used 10177K, committed 10304K, reserved 1114112K
  class space    used 1144K, committed 1216K, reserved 1048576K
}
Event: 5.561 GC heap before
{Heap before GC invocations=5 (full 0):
 garbage-first heap   total 260096K, used 84520K [0x0000000702800000, 0x0000000800000000)
  region size 2048K, 21 young (43008K), 3 survivors (6144K)
 Metaspace       used 10568K, committed 10752K, reserved 1114112K
  class space    used 1193K, committed 1280K, reserved 1048576K
}
Event: 5.584 GC heap after
{Heap after GC invocations=6 (full 0):
 garbage-first heap   total 260096K, used 56577K [0x0000000702800000, 0x0000000800000000)
  region size 2048K, 3 young (6144K), 3 survivors (6144K)
 Metaspace       used 10568K, committed 10752K, reserved 1114112K
  class space    used 1193K, committed 1280K, reserved 1048576K
}
Event: 2537.479 GC heap before
{Heap before GC invocations=6 (full 0):
 garbage-first heap   total 260096K, used 175361K [0x0000000702800000, 0x0000000800000000)
  region size 2048K, 61 young (124928K), 3 survivors (6144K)
 Metaspace       used 14176K, committed 14464K, reserved 1114112K
  class space    used 1581K, committed 1728K, reserved 1048576K
}

